#
# There is insufficient memory for the Java Runtime Environment to continue.
# Native memory allocation (mmap) failed to map 264241152 bytes. Error detail: G1 virtual space
# Possible reasons:
#   The system is out of physical RAM or swap space
#   This process is running with CompressedOops enabled, and the Java Heap may be blocking the growth of the native heap
# Possible solutions:
#   Reduce memory load on the system
#   Increase physical memory or swap space
#   Check if swap backing store is full
#   Decrease Java heap size (-Xmx/-Xms)
#   Decrease number of Java threads
#   Decrease Java thread stack sizes (-Xss)
#   Set larger code cache with -XX:ReservedCodeCacheSize=
#   JVM is running with Zero Based Compressed Oops mode in which the Java heap is
#     placed in the first 32GB address space. The Java Heap base address is the
#     maximum limit for the native heap growth. Please use -XX:HeapBaseMinAddress
#     to set the Java Heap base and to place the Java Heap above 32GB virtual address.
# This output file may be truncated or incomplete.
#
#  Out of Memory Error (os_windows.cpp:3825), pid=16716, tid=13572
#
# JRE version:  (17.0.11) (build )
# Java VM: OpenJDK 64-Bit Server VM (17.0.11+0--11852314, mixed mode, sharing, tiered, compressed oops, compressed class ptrs, g1 gc, windows-amd64)
# No core dump will be written. Minidumps are not enabled by default on client versions of Windows
#

---------------  S U M M A R Y ------------

Command Line: org.jetbrains.kotlin.cli.jvm.K2JVMCompiler @C:\Users\user\Desktop\course\android\Locaotalk\app\build\20241105_6612825568338864474.compiler.options

Host: 12th Gen Intel(R) Core(TM) i5-12400, 12 cores, 15G,  Windows 11 , 64 bit Build 22621 (10.0.22621.3958)
Time: Tue Nov  5 11:54:27 2024  Windows 11 , 64 bit Build 22621 (10.0.22621.3958) elapsed time: 0.010264 seconds (0d 0h 0m 0s)

---------------  T H R E A D  ---------------

Current thread (0x000001adc23caa70):  JavaThread "Unknown thread" [_thread_in_vm, id=13572, stack(0x0000003353f00000,0x0000003354000000)]

Stack: [0x0000003353f00000,0x0000003354000000]
Native frames: (J=compiled Java code, j=interpreted, Vv=VM code, C=native code)
V  [jvm.dll+0x687bb9]
V  [jvm.dll+0x84142a]
V  [jvm.dll+0x8430ae]
V  [jvm.dll+0x843713]
V  [jvm.dll+0x24a35f]
V  [jvm.dll+0x684989]
V  [jvm.dll+0x67923a]
V  [jvm.dll+0x30af0b]
V  [jvm.dll+0x3123b6]
V  [jvm.dll+0x361dfe]
V  [jvm.dll+0x36202f]
V  [jvm.dll+0x2e0d38]
V  [jvm.dll+0x2e1ca4]
V  [jvm.dll+0x811f21]
V  [jvm.dll+0x36fb68]
V  [jvm.dll+0x7f0896]
V  [jvm.dll+0x3f3d2f]
V  [jvm.dll+0x3f58e1]
C  [jli.dll+0x528f]
C  [ucrtbase.dll+0x29333]
C  [KERNEL32.DLL+0x1257d]
C  [ntdll.dll+0x5af08]


---------------  P R O C E S S  ---------------

Threads class SMR info:
_java_thread_list=0x00007ffb5928efd8, length=0, elements={
}

Java Threads: ( => current thread )

Other Threads:
  0x000001adc2438ee0 GCTaskThread "GC Thread#0" [stack: 0x0000003354000000,0x0000003354100000] [id=3380]
  0x000001adc24499c0 ConcurrentGCThread "G1 Main Marker" [stack: 0x0000003354100000,0x0000003354200000] [id=15696]
  0x000001adc244ab80 ConcurrentGCThread "G1 Conc#0" [stack: 0x0000003354200000,0x0000003354300000] [id=18052]

[error occurred during error reporting (printing all threads), id 0xc0000005, EXCEPTION_ACCESS_VIOLATION (0xc0000005) at pc=0x00007ffb58a41907]

VM state: not at safepoint (not fully initialized)

VM Mutex/Monitor currently owned by a thread:  ([mutex/lock_event])
[0x000001adc23c7490] Heap_lock - owner thread: 0x000001adc23caa70

Heap address: 0x0000000704600000, size: 4026 MB, Compressed Oops mode: Zero based, Oop shift amount: 3

CDS archive(s) mapped at: [0x0000000000000000-0x0000000000000000-0x0000000000000000), size 0, SharedBaseAddress: 0x0000000800000000, ArchiveRelocationMode: 1.
Narrow klass base: 0x0000000000000000, Narrow klass shift: 0, Narrow klass range: 0x0

GC Precious Log:
<Empty>

Heap:
 garbage-first heap   total 0K, used 0K [0x0000000704600000, 0x0000000800000000)
  region size 2048K, 0 young (0K), 0 survivors (0K)
 Metaspace       used 0K, committed 0K, reserved 0K
  class space    used 0K, committed 0K, reserved 0K

Heap Regions: E=young(eden), S=young(survivor), O=old, HS=humongous(starts), HC=humongous(continues), CS=collection set, F=free, OA=open archive, CA=closed archive, TAMS=top-at-mark-start (previous, next)

Card table byte_map: [0x000001add55d0000,0x000001add5db0000] _byte_map_base: 0x000001add1dad000

Marking Bits (Prev, Next): (CMBitMap*) 0x000001adc2439500, (CMBitMap*) 0x000001adc2439540
 Prev Bits: [0x000001add6590000, 0x000001adda478000)
 Next Bits: [0x000001adda480000, 0x000001adde368000)

GC Heap History (0 events):
No events

Dll operation events (1 events):
Event: 0.007 Loaded shared library C:\Program Files\Android\Android Studio\jbr\bin\java.dll

Deoptimization events (0 events):
No events

Classes unloaded (0 events):
No events

Classes redefined (0 events):
No events

Internal exceptions (0 events):
No events

VM Operations (0 events):
No events

Events (0 events):
No events


Dynamic libraries:
0x00007ff764180000 - 0x00007ff76418a000 	C:\Program Files\Android\Android Studio\jbr\bin\java.exe
0x00007ffbf0d70000 - 0x00007ffbf0f87000 	C:\windows\SYSTEM32\ntdll.dll
0x00007ffbeef60000 - 0x00007ffbef024000 	C:\windows\System32\KERNEL32.DLL
0x00007ffbee610000 - 0x00007ffbee9c7000 	C:\windows\System32\KERNELBASE.dll
0x00007ffbee4f0000 - 0x00007ffbee601000 	C:\windows\System32\ucrtbase.dll
0x00007ffb8c090000 - 0x00007ffb8c0a7000 	C:\Program Files\Android\Android Studio\jbr\bin\jli.dll
0x00007ffbd04d0000 - 0x00007ffbd04eb000 	C:\Program Files\Android\Android Studio\jbr\bin\VCRUNTIME140.dll
0x00007ffbef2b0000 - 0x00007ffbef45f000 	C:\windows\System32\USER32.dll
0x00007ffbee9d0000 - 0x00007ffbee9f6000 	C:\windows\System32\win32u.dll
0x00007ffbef280000 - 0x00007ffbef2a9000 	C:\windows\System32\GDI32.dll
0x00007ffbd14a0000 - 0x00007ffbd1733000 	C:\windows\WinSxS\amd64_microsoft.windows.common-controls_6595b64144ccf1df_6.0.22621.3672_none_2713b9d173822955\COMCTL32.dll
0x00007ffbee3d0000 - 0x00007ffbee4e8000 	C:\windows\System32\gdi32full.dll
0x00007ffbeea00000 - 0x00007ffbeea9a000 	C:\windows\System32\msvcp_win.dll
0x00007ffbf0c30000 - 0x00007ffbf0cd7000 	C:\windows\System32\msvcrt.dll
0x00007ffbef1e0000 - 0x00007ffbef211000 	C:\windows\System32\IMM32.DLL
0x00007ffbe1090000 - 0x00007ffbe109c000 	C:\Program Files\Android\Android Studio\jbr\bin\vcruntime140_1.dll
0x00007ffba2d50000 - 0x00007ffba2ddd000 	C:\Program Files\Android\Android Studio\jbr\bin\msvcp140.dll
0x00007ffb58750000 - 0x00007ffb593d3000 	C:\Program Files\Android\Android Studio\jbr\bin\server\jvm.dll
0x00007ffbef600000 - 0x00007ffbef6b2000 	C:\windows\System32\ADVAPI32.dll
0x00007ffbf0a70000 - 0x00007ffbf0b18000 	C:\windows\System32\sechost.dll
0x00007ffbee080000 - 0x00007ffbee0a8000 	C:\windows\System32\bcrypt.dll
0x00007ffbeec80000 - 0x00007ffbeed94000 	C:\windows\System32\RPCRT4.dll
0x00007ffbecef0000 - 0x00007ffbecf3d000 	C:\windows\SYSTEM32\POWRPROF.dll
0x00007ffbd65c0000 - 0x00007ffbd65c9000 	C:\windows\SYSTEM32\WSOCK32.dll
0x00007ffbde770000 - 0x00007ffbde7a4000 	C:\windows\SYSTEM32\WINMM.dll
0x00007ffbe0010000 - 0x00007ffbe001a000 	C:\windows\SYSTEM32\VERSION.dll
0x00007ffbf0b20000 - 0x00007ffbf0b91000 	C:\windows\System32\WS2_32.dll
0x00007ffbeced0000 - 0x00007ffbecee3000 	C:\windows\SYSTEM32\UMPDC.dll
0x00007ffbed0e0000 - 0x00007ffbed0f8000 	C:\windows\SYSTEM32\kernel.appcore.dll
0x00007ffbd24f0000 - 0x00007ffbd24fa000 	C:\Program Files\Android\Android Studio\jbr\bin\jimage.dll
0x00007ffbdf6c0000 - 0x00007ffbdf8f2000 	C:\windows\SYSTEM32\DBGHELP.DLL
0x00007ffbf0660000 - 0x00007ffbf09ee000 	C:\windows\System32\combase.dll
0x00007ffbf0580000 - 0x00007ffbf0657000 	C:\windows\System32\OLEAUT32.dll
0x00007ffbe1b90000 - 0x00007ffbe1bc2000 	C:\windows\SYSTEM32\dbgcore.DLL
0x00007ffbee0b0000 - 0x00007ffbee12b000 	C:\windows\System32\bcryptPrimitives.dll
0x00007ffbc0650000 - 0x00007ffbc0675000 	C:\Program Files\Android\Android Studio\jbr\bin\java.dll

dbghelp: loaded successfully - version: 4.0.5 - missing functions: none
symbol engine: initialized successfully - sym options: 0x614 - pdb path: .;C:\Program Files\Android\Android Studio\jbr\bin;C:\windows\SYSTEM32;C:\windows\WinSxS\amd64_microsoft.windows.common-controls_6595b64144ccf1df_6.0.22621.3672_none_2713b9d173822955;C:\Program Files\Android\Android Studio\jbr\bin\server

VM Arguments:
java_command: org.jetbrains.kotlin.cli.jvm.K2JVMCompiler @C:\Users\user\Desktop\course\android\Locaotalk\app\build\20241105_6612825568338864474.compiler.options
java_class_path (initial): C:\Users\user\.gradle\caches\modules-2\files-2.1\org.jetbrains.kotlin\kotlin-compiler-embeddable\1.9.0\2c8c3a7402becca891f12739b3e9fd2dc2adbd7a\kotlin-compiler-embeddable-1.9.0.jar;C:\Users\user\.gradle\caches\modules-2\files-2.1\org.jetbrains.kotlin\kotlin-stdlib\1.9.0\8ee15ef0c67dc83d874f412d84378d7f0eb50b63\kotlin-stdlib-1.9.0.jar;C:\Users\user\.gradle\caches\modules-2\files-2.1\org.jetbrains.kotlin\kotlin-script-runtime\1.9.0\4b3102cbbb7e1b58d9d1adf89563f00069ffa7d1\kotlin-script-runtime-1.9.0.jar;C:\Users\user\.gradle\caches\modules-2\files-2.1\org.jetbrains.kotlin\kotlin-reflect\1.6.10\1cbe9c92c12a94eea200d23c2bbaedaf3daf5132\kotlin-reflect-1.6.10.jar;C:\Users\user\.gradle\caches\modules-2\files-2.1\org.jetbrains.kotlin\kotlin-daemon-embeddable\1.9.0\186543f5e28cf8d9a0290fecc2cf34301c40a65c\kotlin-daemon-embeddable-1.9.0.jar;C:\Users\user\.gradle\caches\modules-2\files-2.1\org.jetbrains.intellij.deps\trove4j\1.0.20200330\3afb14d5f9ceb459d724e907a21145e8ff394f02\trove4j-1.0.20200330.jar;C:\Users\user\.gradle\caches\modules-2\files-2.1\org.jetbrains.kotlin\kotlin-stdlib-common\1.9.0\cd65c21cfd1eec4d44ef09f9f52b6d9f8a720636\kotlin-stdlib-common-1.9.0.jar;C:\Users\user\.gradle\caches\modules-2\files-2.1\org.jetbrains\annotations\13.0\919f0dfe192fb4e063e7dacadee7f8bb9a2672a9\annotations-13.0.jar
Launcher Type: SUN_STANDARD

[Global flags]
     intx CICompilerCount                          = 4                                         {product} {ergonomic}
     uint ConcGCThreads                            = 3                                         {product} {ergonomic}
     uint G1ConcRefinementThreads                  = 10                                        {product} {ergonomic}
   size_t G1HeapRegionSize                         = 2097152                                   {product} {ergonomic}
    uintx GCDrainStackTargetSize                   = 64                                        {product} {ergonomic}
   size_t InitialHeapSize                          = 264241152                                 {product} {ergonomic}
   size_t MarkStackSize                            = 4194304                                   {product} {ergonomic}
   size_t MaxHeapSize                              = 4221566976                                {product} {ergonomic}
   size_t MinHeapDeltaBytes                        = 2097152                                   {product} {ergonomic}
   size_t MinHeapSize                              = 8388608                                   {product} {ergonomic}
    uintx NonNMethodCodeHeapSize                   = 5839372                                {pd product} {ergonomic}
    uintx NonProfiledCodeHeapSize                  = 122909434                              {pd product} {ergonomic}
    uintx ProfiledCodeHeapSize                     = 122909434                              {pd product} {ergonomic}
    uintx ReservedCodeCacheSize                    = 251658240                              {pd product} {ergonomic}
     bool SegmentedCodeCache                       = true                                      {product} {ergonomic}
   size_t SoftMaxHeapSize                          = 4221566976                             {manageable} {ergonomic}
     bool UseCompressedClassPointers               = true                           {product lp64_product} {ergonomic}
     bool UseCompressedOops                        = true                           {product lp64_product} {ergonomic}
     bool UseG1GC                                  = true                                      {product} {ergonomic}
     bool UseLargePagesIndividualAllocation        = false                                  {pd product} {ergonomic}

Logging:
Log output configuration:
 #0: stdout all=warning uptime,level,tags
 #1: stderr all=off uptime,level,tags

Environment Variables:
PATH=C:\oraclexe\app\oracle\product\11.2.0\server\bin;C:\Program Files\Common Files\Oracle\Java\javapath;C:\windows\system32;C:\windows;C:\windows\System32\Wbem;C:\windows\System32\WindowsPowerShell\v1.0\;C:\windows\System32\OpenSSH\;C:\Program Files\Bandizip\;C:\Program Files\Git\cmd;C:\Users\user\Documents\scrcpy-win64-v2.5\scrcpy-win64-v2.5\adb.exe;C:\Users\user\Documents\scrcpy-win64-v2.5\scrcpy-win64-v2.5;C:\Program Files\nodejs\;C:\Program Files\dotnet\;C:\Users\user\AppData\Local\Programs\Python\Launcher\;C:\Users\user\AppData\Local\Microsoft\WindowsApps;C:\Users\user\AppData\Local\Programs\Microsoft VS Code\bin;C:\Users\user\AppData\Roaming\npm;C:\Users\user\.dotnet\tools;C:\Program Files\JetBrains\PyCharm Community Edition 2024.2.3\bin;
USERNAME=user
OS=Windows_NT
PROCESSOR_IDENTIFIER=Intel64 Family 6 Model 151 Stepping 2, GenuineIntel
TMP=C:\Users\user\AppData\Local\Temp
TEMP=C:\Users\user\AppData\Local\Temp



Periodic native trim disabled

JNI global refs:
JNI global refs: 0, weak refs: 0

JNI global refs memory usage: 0, weak refs: 0

Process memory usage:
Resident Set Size: 12172K (0% of 16485708K total physical memory with 3945492K free physical memory)

OOME stack traces (most recent first):
Classloader memory used:


---------------  S Y S T E M  ---------------

OS:
 Windows 11 , 64 bit Build 22621 (10.0.22621.3958)
OS uptime: 7 days 2:26 hours
Hyper-V role detected

CPU: total 12 (initial active 12) (6 cores per cpu, 2 threads per core) family 6 model 151 stepping 2 microcode 0x1e, cx8, cmov, fxsr, ht, mmx, 3dnowpref, sse, sse2, sse3, ssse3, sse4.1, sse4.2, popcnt, lzcnt, tsc, tscinvbit, avx, avx2, aes, erms, clmul, bmi1, bmi2, adx, sha, fma, vzeroupper, clflush, clflushopt, clwb, hv
Processor Information for all 12 processors :
  Max Mhz: 2500, Current Mhz: 2500, Mhz Limit: 2500

Memory: 4k page, system-wide physical 16099M (3853M free)
TotalPageFile size 65251M (AvailPageFile size 242M)
current process WorkingSet (physical memory assigned to process): 11M, peak: 11M
current process commit charge ("private bytes"): 64M, peak: 316M

vm_info: OpenJDK 64-Bit Server VM (17.0.11+0--11852314) for windows-amd64 JRE (17.0.11+0--11852314), built on May 16 2024 21:29:20 by "androidbuild" with MS VC++ 16.10 / 16.11 (VS2019)

END.
